<?xml version="1.0" encoding="UTF-8"?>
<!-- Generated by org.testng.reporters.JUnitXMLReporter -->
<testsuite ignored="8" hostname="DESKTOP-BS0PI3B" failures="0" tests="1" name="Default test" time="25.061" errors="0" timestamp="2022-04-21T20:38:15 IST">
  <testcase classname="com.Testcases.TestScenario_001" name="Tc_010" time="12.518"/>
  <testcase classname="com.Testcases.TestScenario_001" name="Tc_001" time="0.0">
    <ignored/>
  </testcase> <!-- Tc_001 -->
  <testcase classname="com.Testcases.TestScenario_001" name="Tc_008" time="0.0">
    <ignored/>
  </testcase> <!-- Tc_008 -->
  <testcase classname="com.Testcases.TestScenario_001" name="Tc_006" time="0.0">
    <ignored/>
  </testcase> <!-- Tc_006 -->
  <testcase classname="com.Testcases.TestScenario_001" name="Tc_004" time="0.0">
    <ignored/>
  </testcase> <!-- Tc_004 -->
  <testcase classname="com.Testcases.TestScenario_001" name="Tc_007" time="0.0">
    <ignored/>
  </testcase> <!-- Tc_007 -->
  <testcase classname="com.Testcases.TestScenario_001" name="Tc_002" time="0.0">
    <ignored/>
  </testcase> <!-- Tc_002 -->
  <testcase classname="com.Testcases.TestScenario_001" name="Tc_005" time="0.0">
    <ignored/>
  </testcase> <!-- Tc_005 -->
  <testcase classname="com.Testcases.TestScenario_001" name="Tc_003" time="0.0">
    <ignored/>
  </testcase> <!-- Tc_003 -->
</testsuite> <!-- Default test -->
