<?xml version="1.0" encoding="UTF-8"?>
<testng-results ignored="1" total="2" passed="1" failed="0" skipped="0">
  <reporter-output>
  </reporter-output>
  <suite started-at="2022-04-24T17:14:32 IST" name="Default suite" finished-at="2022-04-24T17:15:01 IST" duration-ms="28302">
    <groups>
    </groups>
    <test started-at="2022-04-24T17:14:32 IST" name="Default test" finished-at="2022-04-24T17:15:01 IST" duration-ms="28302">
      <class name="com.Testcases.TestScenario_003">
        <test-method is-config="true" signature="BeforeTestcaseRun()[pri:0, instance:com.Testcases.TestScenario_003@4a883b15]" started-at="2022-04-24T17:14:32 IST" name="BeforeTestcaseRun" finished-at="2022-04-24T17:14:39 IST" duration-ms="6781" status="PASS">
          <reporter-output>
          </reporter-output>
        </test-method> <!-- BeforeTestcaseRun -->
        <test-method signature="Tc_022()[pri:0, instance:com.Testcases.TestScenario_003@4a883b15]" started-at="2022-04-24T17:14:39 IST" name="Tc_022" finished-at="2022-04-24T17:14:58 IST" duration-ms="18283" status="PASS">
          <reporter-output>
          </reporter-output>
        </test-method> <!-- Tc_022 -->
        <test-method is-config="true" signature="AfterTestcaseRun()[pri:0, instance:com.Testcases.TestScenario_003@4a883b15]" started-at="2022-04-24T17:14:58 IST" name="AfterTestcaseRun" finished-at="2022-04-24T17:15:01 IST" duration-ms="3165" status="PASS">
          <reporter-output>
          </reporter-output>
        </test-method> <!-- AfterTestcaseRun -->
      </class> <!-- com.Testcases.TestScenario_003 -->
    </test> <!-- Default test -->
  </suite> <!-- Default suite -->
</testng-results>
