<?xml version="1.0" encoding="UTF-8"?>
<testng-results ignored="4" total="5" passed="1" failed="0" skipped="0">
  <reporter-output>
  </reporter-output>
  <suite started-at="2022-04-22T23:22:04 IST" name="Default suite" finished-at="2022-04-22T23:22:28 IST" duration-ms="23941">
    <groups>
    </groups>
    <test started-at="2022-04-22T23:22:04 IST" name="Default test" finished-at="2022-04-22T23:22:28 IST" duration-ms="23941">
      <class name="com.Testcases.TestScenario_002">
        <test-method is-config="true" signature="BeforeTestcaseRun()[pri:0, instance:com.Testcases.TestScenario_002@7b36aa0c]" started-at="2022-04-22T23:22:04 IST" name="BeforeTestcaseRun" finished-at="2022-04-22T23:22:11 IST" duration-ms="6729" status="PASS">
          <reporter-output>
          </reporter-output>
        </test-method> <!-- BeforeTestcaseRun -->
        <test-method signature="Tc_015()[pri:0, instance:com.Testcases.TestScenario_002@7b36aa0c]" started-at="2022-04-22T23:22:11 IST" name="Tc_015" finished-at="2022-04-22T23:22:21 IST" duration-ms="9936" status="PASS">
          <reporter-output>
          </reporter-output>
        </test-method> <!-- Tc_015 -->
        <test-method is-config="true" signature="AfterTestcaseRun()[pri:0, instance:com.Testcases.TestScenario_002@7b36aa0c]" started-at="2022-04-22T23:22:21 IST" name="AfterTestcaseRun" finished-at="2022-04-22T23:22:28 IST" duration-ms="7206" status="PASS">
          <reporter-output>
          </reporter-output>
        </test-method> <!-- AfterTestcaseRun -->
      </class> <!-- com.Testcases.TestScenario_002 -->
    </test> <!-- Default test -->
  </suite> <!-- Default suite -->
</testng-results>
